2022-07-11 18:53:30,513 - weather-telegram - INFO - Getting updates
2022-07-11 18:53:30,514 - weather-telegram - DEBUG - URL: https://api.telegram.org/bot5455284186:AAGsw5qntGvxFmwYCQGnvPCo-rBKtR-qfLY/getUpdates?timeout=None
2022-07-11 18:53:33,671 - weather-telegram - DEBUG - {'keyboard': [[{'text': 'Abu Dhabi'}], [{'text': 'Amsterdam'}], [{'text': 'Ankara'}], [{'text': 'Athens'}], [{'text': 'Baghdad'}], [{'text': 'Baku'}], [{'text': 'Beijing'}], [{'text': 'Beirut'}], [{'text': 'Berlin'}], [{'text': 'Cairo'}], [{'text': 'Canberra'}], [{'text': 'Doha'}], [{'text': 'Helsinki'}], [{'text': 'Kabul'}], [{'text': 'London'}], [{'text': 'Mexico City'}], [{'text': 'Moscow'}], [{'text': 'Rome'}], [{'text': 'Seoul'}], [{'text': 'Singapore'}], [{'text': 'Stockholm'}], [{'text': 'Tehran'}], [{'text': 'Tokyo'}], [{'text': 'Washington D.C.'}], [{'text': 'Share location', 'request_location': True}]], 'one_time_keyboard': True}
2022-07-11 18:53:35,150 - weather-telegram - INFO - Getting updates
2022-07-11 18:53:35,150 - weather-telegram - DEBUG - URL: https://api.telegram.org/bot5455284186:AAGsw5qntGvxFmwYCQGnvPCo-rBKtR-qfLY/getUpdates?timeout=None&offset=435694493
2022-07-11 18:53:36,796 - weather-telegram - INFO - Getting updates
2022-07-11 18:53:36,796 - weather-telegram - DEBUG - URL: https://api.telegram.org/bot5455284186:AAGsw5qntGvxFmwYCQGnvPCo-rBKtR-qfLY/getUpdates?timeout=None&offset=435694493
2022-07-11 18:53:41,167 - weather-telegram - INFO - Getting updates
2022-07-11 18:53:41,168 - weather-telegram - DEBUG - URL: https://api.telegram.org/bot5455284186:AAGsw5qntGvxFmwYCQGnvPCo-rBKtR-qfLY/getUpdates?timeout=None&offset=435694493
2022-07-11 18:53:42,959 - weather-telegram - INFO - Getting updates
2022-07-11 18:53:42,959 - weather-telegram - DEBUG - URL: https://api.telegram.org/bot5455284186:AAGsw5qntGvxFmwYCQGnvPCo-rBKtR-qfLY/getUpdates?timeout=None&offset=435694493
2022-07-11 18:53:48,592 - weather-telegram - INFO - Getting updates
2022-07-11 18:53:48,592 - weather-telegram - DEBUG - URL: https://api.telegram.org/bot5455284186:AAGsw5qntGvxFmwYCQGnvPCo-rBKtR-qfLY/getUpdates?timeout=None&offset=435694493
2022-07-11 18:53:51,486 - weather-telegram - INFO - Getting updates
2022-07-11 18:53:51,486 - weather-telegram - DEBUG - URL: https://api.telegram.org/bot5455284186:AAGsw5qntGvxFmwYCQGnvPCo-rBKtR-qfLY/getUpdates?timeout=None&offset=435694493
2022-07-11 18:53:55,575 - weather-telegram - DEBUG - {'keyboard': [[{'text': '/weather'}]], 'one_time_keyboard': True}
2022-07-11 18:53:57,325 - weather-telegram - INFO - Getting updates
2022-07-11 18:53:57,325 - weather-telegram - DEBUG - URL: https://api.telegram.org/bot5455284186:AAGsw5qntGvxFmwYCQGnvPCo-rBKtR-qfLY/getUpdates?timeout=None&offset=435694494
2022-07-11 18:53:59,211 - weather-telegram - INFO - Getting updates
2022-07-11 18:53:59,211 - weather-telegram - DEBUG - URL: https://api.telegram.org/bot5455284186:AAGsw5qntGvxFmwYCQGnvPCo-rBKtR-qfLY/getUpdates?timeout=None&offset=435694494
2022-07-11 18:54:04,161 - weather-telegram - INFO - Getting updates
2022-07-11 18:54:04,161 - weather-telegram - DEBUG - URL: https://api.telegram.org/bot5455284186:AAGsw5qntGvxFmwYCQGnvPCo-rBKtR-qfLY/getUpdates?timeout=None&offset=435694494
2022-07-11 18:54:06,396 - weather-telegram - INFO - Getting updates
2022-07-11 18:54:06,396 - weather-telegram - DEBUG - URL: https://api.telegram.org/bot5455284186:AAGsw5qntGvxFmwYCQGnvPCo-rBKtR-qfLY/getUpdates?timeout=None&offset=435694494
2022-07-11 18:54:11,440 - weather-telegram - INFO - Getting updates
2022-07-11 18:54:11,440 - weather-telegram - DEBUG - URL: https://api.telegram.org/bot5455284186:AAGsw5qntGvxFmwYCQGnvPCo-rBKtR-qfLY/getUpdates?timeout=None&offset=435694494
2022-07-11 18:54:16,505 - weather-telegram - INFO - Getting updates
2022-07-11 18:54:16,506 - weather-telegram - DEBUG - URL: https://api.telegram.org/bot5455284186:AAGsw5qntGvxFmwYCQGnvPCo-rBKtR-qfLY/getUpdates?timeout=None&offset=435694494
2022-07-11 18:54:20,875 - weather-telegram - INFO - Getting updates
2022-07-11 18:54:20,875 - weather-telegram - DEBUG - URL: https://api.telegram.org/bot5455284186:AAGsw5qntGvxFmwYCQGnvPCo-rBKtR-qfLY/getUpdates?timeout=None&offset=435694494
2022-07-11 18:54:22,219 - weather-telegram - INFO - Getting updates
2022-07-11 18:54:22,219 - weather-telegram - DEBUG - URL: https://api.telegram.org/bot5455284186:AAGsw5qntGvxFmwYCQGnvPCo-rBKtR-qfLY/getUpdates?timeout=None&offset=435694494
2022-07-11 18:54:26,921 - weather-telegram - INFO - Getting updates
2022-07-11 18:54:26,921 - weather-telegram - DEBUG - URL: https://api.telegram.org/bot5455284186:AAGsw5qntGvxFmwYCQGnvPCo-rBKtR-qfLY/getUpdates?timeout=None&offset=435694494
2022-07-11 18:54:29,313 - weather-telegram - INFO - Getting updates
2022-07-11 18:54:29,313 - weather-telegram - DEBUG - URL: https://api.telegram.org/bot5455284186:AAGsw5qntGvxFmwYCQGnvPCo-rBKtR-qfLY/getUpdates?timeout=None&offset=435694494
2022-07-11 18:54:33,727 - weather-telegram - INFO - Getting updates
2022-07-11 18:54:33,727 - weather-telegram - DEBUG - URL: https://api.telegram.org/bot5455284186:AAGsw5qntGvxFmwYCQGnvPCo-rBKtR-qfLY/getUpdates?timeout=None&offset=435694494
2022-07-11 18:54:35,050 - weather-telegram - INFO - Getting updates
2022-07-11 18:54:35,050 - weather-telegram - DEBUG - URL: https://api.telegram.org/bot5455284186:AAGsw5qntGvxFmwYCQGnvPCo-rBKtR-qfLY/getUpdates?timeout=None&offset=435694494
2022-07-11 18:54:39,384 - weather-telegram - INFO - Getting updates
2022-07-11 18:54:39,384 - weather-telegram - DEBUG - URL: https://api.telegram.org/bot5455284186:AAGsw5qntGvxFmwYCQGnvPCo-rBKtR-qfLY/getUpdates?timeout=None&offset=435694494
2022-07-11 18:54:41,083 - weather-telegram - INFO - Getting updates
2022-07-11 18:54:41,083 - weather-telegram - DEBUG - URL: https://api.telegram.org/bot5455284186:AAGsw5qntGvxFmwYCQGnvPCo-rBKtR-qfLY/getUpdates?timeout=None&offset=435694494
2022-07-11 18:54:46,941 - weather-telegram - INFO - Getting updates
2022-07-11 18:54:46,941 - weather-telegram - DEBUG - URL: https://api.telegram.org/bot5455284186:AAGsw5qntGvxFmwYCQGnvPCo-rBKtR-qfLY/getUpdates?timeout=None&offset=435694494
2022-07-11 18:54:48,753 - weather-telegram - INFO - Getting updates
2022-07-11 18:54:48,753 - weather-telegram - DEBUG - URL: https://api.telegram.org/bot5455284186:AAGsw5qntGvxFmwYCQGnvPCo-rBKtR-qfLY/getUpdates?timeout=None&offset=435694494
2022-07-11 18:54:53,106 - weather-telegram - INFO - Getting updates
2022-07-11 18:54:53,106 - weather-telegram - DEBUG - URL: https://api.telegram.org/bot5455284186:AAGsw5qntGvxFmwYCQGnvPCo-rBKtR-qfLY/getUpdates?timeout=None&offset=435694494
2022-07-11 18:54:56,175 - weather-telegram - INFO - Getting updates
2022-07-11 18:54:56,175 - weather-telegram - DEBUG - URL: https://api.telegram.org/bot5455284186:AAGsw5qntGvxFmwYCQGnvPCo-rBKtR-qfLY/getUpdates?timeout=None&offset=435694494
2022-07-11 18:55:00,586 - weather-telegram - INFO - Getting updates
2022-07-11 18:55:00,586 - weather-telegram - DEBUG - URL: https://api.telegram.org/bot5455284186:AAGsw5qntGvxFmwYCQGnvPCo-rBKtR-qfLY/getUpdates?timeout=None&offset=435694494
2022-07-11 18:55:02,056 - weather-telegram - INFO - Getting updates
2022-07-11 18:55:02,056 - weather-telegram - DEBUG - URL: https://api.telegram.org/bot5455284186:AAGsw5qntGvxFmwYCQGnvPCo-rBKtR-qfLY/getUpdates?timeout=None&offset=435694494
2022-07-11 18:55:05,012 - weather-telegram - DEBUG - {'keyboard': [[{'text': 'Abu Dhabi'}], [{'text': 'Amsterdam'}], [{'text': 'Ankara'}], [{'text': 'Athens'}], [{'text': 'Baghdad'}], [{'text': 'Baku'}], [{'text': 'Beijing'}], [{'text': 'Beirut'}], [{'text': 'Berlin'}], [{'text': 'Cairo'}], [{'text': 'Canberra'}], [{'text': 'Doha'}], [{'text': 'Helsinki'}], [{'text': 'Kabul'}], [{'text': 'London'}], [{'text': 'Mexico City'}], [{'text': 'Moscow'}], [{'text': 'Rome'}], [{'text': 'Seoul'}], [{'text': 'Singapore'}], [{'text': 'Stockholm'}], [{'text': 'Tehran'}], [{'text': 'Tokyo'}], [{'text': 'Washington D.C.'}], [{'text': 'Share location', 'request_location': True}]], 'one_time_keyboard': True}
2022-07-11 18:55:06,500 - weather-telegram - INFO - Getting updates
2022-07-11 18:55:06,500 - weather-telegram - DEBUG - URL: https://api.telegram.org/bot5455284186:AAGsw5qntGvxFmwYCQGnvPCo-rBKtR-qfLY/getUpdates?timeout=None&offset=435694495
2022-07-11 18:55:07,830 - weather-telegram - INFO - Getting updates
2022-07-11 18:55:07,831 - weather-telegram - DEBUG - URL: https://api.telegram.org/bot5455284186:AAGsw5qntGvxFmwYCQGnvPCo-rBKtR-qfLY/getUpdates?timeout=None&offset=435694495
2022-07-11 18:55:13,185 - weather-telegram - ERROR - No text field in update. Try to get location
2022-07-11 18:55:13,186 - weather-telegram - INFO - Weather requested for {'latitude': 35.740272, 'longitude': 51.400039} in chat id 74591146
2022-07-11 18:55:13,186 - weather-telegram - INFO - Requesting weather: http://api.openweathermap.org/data/2.5/weather?appid=c2991fc81156c46d2cc0aabd02fd709d&units=metric&lat=35.740272&lon=51.400039&cnt=1
2022-07-11 18:55:13,187 - weather-telegram - DEBUG - URL: http://api.openweathermap.org/data/2.5/weather?appid=c2991fc81156c46d2cc0aabd02fd709d&units=metric&lat=35.740272&lon=51.400039&cnt=1
2022-07-11 18:55:14,450 - weather-telegram - DEBUG - {'coord': {'lon': 51.4, 'lat': 35.7403}, 'weather': [{'id': 800, 'main': 'Clear', 'description': 'clear sky', 'icon': '01d'}], 'base': 'stations', 'main': {'temp': 36.38, 'feels_like': 33.48, 'temp_min': 36.2, 'temp_max': 37.38, 'pressure': 1008, 'humidity': 8}, 'visibility': 10000, 'wind': {'speed': 3.09, 'deg': 120}, 'clouds': {'all': 0}, 'dt': 1657549513, 'sys': {'type': 2, 'id': 47737, 'country': 'IR', 'sunrise': 1657502817, 'sunset': 1657554741}, 'timezone': 16200, 'id': 112931, 'name': 'Tehran', 'cod': 200}
2022-07-11 18:55:16,357 - weather-telegram - INFO - Getting updates
2022-07-11 18:55:16,358 - weather-telegram - DEBUG - URL: https://api.telegram.org/bot5455284186:AAGsw5qntGvxFmwYCQGnvPCo-rBKtR-qfLY/getUpdates?timeout=None&offset=435694496
2022-07-11 18:55:17,793 - weather-telegram - INFO - Getting updates
2022-07-11 18:55:17,793 - weather-telegram - DEBUG - URL: https://api.telegram.org/bot5455284186:AAGsw5qntGvxFmwYCQGnvPCo-rBKtR-qfLY/getUpdates?timeout=None&offset=435694496
2022-07-11 18:55:22,130 - weather-telegram - INFO - Getting updates
2022-07-11 18:55:22,130 - weather-telegram - DEBUG - URL: https://api.telegram.org/bot5455284186:AAGsw5qntGvxFmwYCQGnvPCo-rBKtR-qfLY/getUpdates?timeout=None&offset=435694496
2022-07-11 18:55:23,459 - weather-telegram - INFO - Getting updates
2022-07-11 18:55:23,459 - weather-telegram - DEBUG - URL: https://api.telegram.org/bot5455284186:AAGsw5qntGvxFmwYCQGnvPCo-rBKtR-qfLY/getUpdates?timeout=None&offset=435694496
2022-07-11 18:55:27,970 - weather-telegram - INFO - Getting updates
2022-07-11 18:55:27,970 - weather-telegram - DEBUG - URL: https://api.telegram.org/bot5455284186:AAGsw5qntGvxFmwYCQGnvPCo-rBKtR-qfLY/getUpdates?timeout=None&offset=435694496
2022-07-11 18:55:31,067 - weather-telegram - INFO - Getting updates
2022-07-11 18:55:31,067 - weather-telegram - DEBUG - URL: https://api.telegram.org/bot5455284186:AAGsw5qntGvxFmwYCQGnvPCo-rBKtR-qfLY/getUpdates?timeout=None&offset=435694496
2022-07-11 18:55:35,394 - weather-telegram - INFO - Getting updates
2022-07-11 18:55:35,394 - weather-telegram - DEBUG - URL: https://api.telegram.org/bot5455284186:AAGsw5qntGvxFmwYCQGnvPCo-rBKtR-qfLY/getUpdates?timeout=None&offset=435694496
2022-07-11 18:55:36,712 - weather-telegram - INFO - Getting updates
2022-07-11 18:55:36,712 - weather-telegram - DEBUG - URL: https://api.telegram.org/bot5455284186:AAGsw5qntGvxFmwYCQGnvPCo-rBKtR-qfLY/getUpdates?timeout=None&offset=435694496
2022-07-11 18:55:41,095 - weather-telegram - INFO - Getting updates
2022-07-11 18:55:41,095 - weather-telegram - DEBUG - URL: https://api.telegram.org/bot5455284186:AAGsw5qntGvxFmwYCQGnvPCo-rBKtR-qfLY/getUpdates?timeout=None&offset=435694496
2022-07-11 18:55:42,538 - weather-telegram - INFO - Getting updates
2022-07-11 18:55:42,538 - weather-telegram - DEBUG - URL: https://api.telegram.org/bot5455284186:AAGsw5qntGvxFmwYCQGnvPCo-rBKtR-qfLY/getUpdates?timeout=None&offset=435694496
2022-07-11 18:55:46,917 - weather-telegram - INFO - Getting updates
2022-07-11 18:55:46,917 - weather-telegram - DEBUG - URL: https://api.telegram.org/bot5455284186:AAGsw5qntGvxFmwYCQGnvPCo-rBKtR-qfLY/getUpdates?timeout=None&offset=435694496
2022-07-11 18:55:48,394 - weather-telegram - INFO - Getting updates
2022-07-11 18:55:48,394 - weather-telegram - DEBUG - URL: https://api.telegram.org/bot5455284186:AAGsw5qntGvxFmwYCQGnvPCo-rBKtR-qfLY/getUpdates?timeout=None&offset=435694496
2022-07-11 18:55:53,000 - weather-telegram - INFO - Getting updates
2022-07-11 18:55:53,000 - weather-telegram - DEBUG - URL: https://api.telegram.org/bot5455284186:AAGsw5qntGvxFmwYCQGnvPCo-rBKtR-qfLY/getUpdates?timeout=None&offset=435694496
2022-07-11 18:55:54,435 - weather-telegram - INFO - Getting updates
2022-07-11 18:55:54,435 - weather-telegram - DEBUG - URL: https://api.telegram.org/bot5455284186:AAGsw5qntGvxFmwYCQGnvPCo-rBKtR-qfLY/getUpdates?timeout=None&offset=435694496
2022-07-11 18:55:58,753 - weather-telegram - INFO - Getting updates
2022-07-11 18:55:58,753 - weather-telegram - DEBUG - URL: https://api.telegram.org/bot5455284186:AAGsw5qntGvxFmwYCQGnvPCo-rBKtR-qfLY/getUpdates?timeout=None&offset=435694496
2022-07-11 18:56:00,241 - weather-telegram - INFO - Getting updates
2022-07-11 18:56:00,241 - weather-telegram - DEBUG - URL: https://api.telegram.org/bot5455284186:AAGsw5qntGvxFmwYCQGnvPCo-rBKtR-qfLY/getUpdates?timeout=None&offset=435694496
2022-07-11 18:56:04,651 - weather-telegram - INFO - Getting updates
2022-07-11 18:56:04,651 - weather-telegram - DEBUG - URL: https://api.telegram.org/bot5455284186:AAGsw5qntGvxFmwYCQGnvPCo-rBKtR-qfLY/getUpdates?timeout=None&offset=435694496
2022-07-11 18:56:05,997 - weather-telegram - INFO - Getting updates
2022-07-11 18:56:05,997 - weather-telegram - DEBUG - URL: https://api.telegram.org/bot5455284186:AAGsw5qntGvxFmwYCQGnvPCo-rBKtR-qfLY/getUpdates?timeout=None&offset=435694496
2022-07-11 18:56:11,367 - weather-telegram - INFO - Getting updates
2022-07-11 18:56:11,367 - weather-telegram - DEBUG - URL: https://api.telegram.org/bot5455284186:AAGsw5qntGvxFmwYCQGnvPCo-rBKtR-qfLY/getUpdates?timeout=None&offset=435694496
2022-07-11 18:56:13,369 - weather-telegram - INFO - Getting updates
2022-07-11 18:56:13,369 - weather-telegram - DEBUG - URL: https://api.telegram.org/bot5455284186:AAGsw5qntGvxFmwYCQGnvPCo-rBKtR-qfLY/getUpdates?timeout=None&offset=435694496
2022-07-11 18:56:17,711 - weather-telegram - INFO - Getting updates
2022-07-11 18:56:17,711 - weather-telegram - DEBUG - URL: https://api.telegram.org/bot5455284186:AAGsw5qntGvxFmwYCQGnvPCo-rBKtR-qfLY/getUpdates?timeout=None&offset=435694496
2022-07-11 18:56:19,026 - weather-telegram - INFO - Getting updates
2022-07-11 18:56:19,026 - weather-telegram - DEBUG - URL: https://api.telegram.org/bot5455284186:AAGsw5qntGvxFmwYCQGnvPCo-rBKtR-qfLY/getUpdates?timeout=None&offset=435694496
2022-07-11 18:56:23,375 - weather-telegram - INFO - Getting updates
2022-07-11 18:56:23,375 - weather-telegram - DEBUG - URL: https://api.telegram.org/bot5455284186:AAGsw5qntGvxFmwYCQGnvPCo-rBKtR-qfLY/getUpdates?timeout=None&offset=435694496
2022-07-11 18:56:25,104 - weather-telegram - INFO - Getting updates
2022-07-11 18:56:25,104 - weather-telegram - DEBUG - URL: https://api.telegram.org/bot5455284186:AAGsw5qntGvxFmwYCQGnvPCo-rBKtR-qfLY/getUpdates?timeout=None&offset=435694496
2022-07-11 18:56:29,503 - weather-telegram - INFO - Getting updates
2022-07-11 18:56:29,503 - weather-telegram - DEBUG - URL: https://api.telegram.org/bot5455284186:AAGsw5qntGvxFmwYCQGnvPCo-rBKtR-qfLY/getUpdates?timeout=None&offset=435694496
2022-07-11 18:56:34,471 - weather-telegram - INFO - Getting updates
2022-07-11 18:56:34,471 - weather-telegram - DEBUG - URL: https://api.telegram.org/bot5455284186:AAGsw5qntGvxFmwYCQGnvPCo-rBKtR-qfLY/getUpdates?timeout=None&offset=435694496
2022-07-11 18:56:37,043 - weather-telegram - INFO - Getting updates
2022-07-11 18:56:37,043 - weather-telegram - DEBUG - URL: https://api.telegram.org/bot5455284186:AAGsw5qntGvxFmwYCQGnvPCo-rBKtR-qfLY/getUpdates?timeout=None&offset=435694496
2022-07-11 18:56:41,471 - weather-telegram - INFO - Getting updates
2022-07-11 18:56:41,471 - weather-telegram - DEBUG - URL: https://api.telegram.org/bot5455284186:AAGsw5qntGvxFmwYCQGnvPCo-rBKtR-qfLY/getUpdates?timeout=None&offset=435694496
2022-07-11 18:56:42,975 - weather-telegram - INFO - Getting updates
2022-07-11 18:56:42,975 - weather-telegram - DEBUG - URL: https://api.telegram.org/bot5455284186:AAGsw5qntGvxFmwYCQGnvPCo-rBKtR-qfLY/getUpdates?timeout=None&offset=435694496
2022-07-11 18:56:47,298 - weather-telegram - INFO - Getting updates
2022-07-11 18:56:47,298 - weather-telegram - DEBUG - URL: https://api.telegram.org/bot5455284186:AAGsw5qntGvxFmwYCQGnvPCo-rBKtR-qfLY/getUpdates?timeout=None&offset=435694496
2022-07-11 18:56:49,004 - weather-telegram - INFO - Getting updates
2022-07-11 18:56:49,004 - weather-telegram - DEBUG - URL: https://api.telegram.org/bot5455284186:AAGsw5qntGvxFmwYCQGnvPCo-rBKtR-qfLY/getUpdates?timeout=None&offset=435694496
2022-07-11 18:56:53,364 - weather-telegram - INFO - Getting updates
2022-07-11 18:56:53,364 - weather-telegram - DEBUG - URL: https://api.telegram.org/bot5455284186:AAGsw5qntGvxFmwYCQGnvPCo-rBKtR-qfLY/getUpdates?timeout=None&offset=435694496
2022-07-11 18:56:54,698 - weather-telegram - INFO - Getting updates
2022-07-11 18:56:54,698 - weather-telegram - DEBUG - URL: https://api.telegram.org/bot5455284186:AAGsw5qntGvxFmwYCQGnvPCo-rBKtR-qfLY/getUpdates?timeout=None&offset=435694496
2022-07-11 18:56:59,203 - weather-telegram - INFO - Getting updates
2022-07-11 18:56:59,203 - weather-telegram - DEBUG - URL: https://api.telegram.org/bot5455284186:AAGsw5qntGvxFmwYCQGnvPCo-rBKtR-qfLY/getUpdates?timeout=None&offset=435694496
2022-07-11 18:57:00,861 - weather-telegram - INFO - Getting updates
2022-07-11 18:57:00,861 - weather-telegram - DEBUG - URL: https://api.telegram.org/bot5455284186:AAGsw5qntGvxFmwYCQGnvPCo-rBKtR-qfLY/getUpdates?timeout=None&offset=435694496
2022-07-11 18:57:05,202 - weather-telegram - INFO - Getting updates
2022-07-11 18:57:05,202 - weather-telegram - DEBUG - URL: https://api.telegram.org/bot5455284186:AAGsw5qntGvxFmwYCQGnvPCo-rBKtR-qfLY/getUpdates?timeout=None&offset=435694496
2022-07-11 18:57:06,917 - weather-telegram - INFO - Getting updates
2022-07-11 18:57:06,917 - weather-telegram - DEBUG - URL: https://api.telegram.org/bot5455284186:AAGsw5qntGvxFmwYCQGnvPCo-rBKtR-qfLY/getUpdates?timeout=None&offset=435694496
2022-07-11 18:57:11,275 - weather-telegram - INFO - Getting updates
2022-07-11 18:57:11,275 - weather-telegram - DEBUG - URL: https://api.telegram.org/bot5455284186:AAGsw5qntGvxFmwYCQGnvPCo-rBKtR-qfLY/getUpdates?timeout=None&offset=435694496
2022-07-11 18:57:14,342 - weather-telegram - INFO - Getting updates
2022-07-11 18:57:14,342 - weather-telegram - DEBUG - URL: https://api.telegram.org/bot5455284186:AAGsw5qntGvxFmwYCQGnvPCo-rBKtR-qfLY/getUpdates?timeout=None&offset=435694496
2022-07-11 18:57:18,669 - weather-telegram - INFO - Getting updates
2022-07-11 18:57:18,670 - weather-telegram - DEBUG - URL: https://api.telegram.org/bot5455284186:AAGsw5qntGvxFmwYCQGnvPCo-rBKtR-qfLY/getUpdates?timeout=None&offset=435694496
2022-07-11 18:57:19,988 - weather-telegram - INFO - Getting updates
2022-07-11 18:57:19,988 - weather-telegram - DEBUG - URL: https://api.telegram.org/bot5455284186:AAGsw5qntGvxFmwYCQGnvPCo-rBKtR-qfLY/getUpdates?timeout=None&offset=435694496
2022-07-11 18:57:24,343 - weather-telegram - INFO - Getting updates
2022-07-11 18:57:24,343 - weather-telegram - DEBUG - URL: https://api.telegram.org/bot5455284186:AAGsw5qntGvxFmwYCQGnvPCo-rBKtR-qfLY/getUpdates?timeout=None&offset=435694496
2022-07-11 18:57:27,428 - weather-telegram - INFO - Getting updates
2022-07-11 18:57:27,428 - weather-telegram - DEBUG - URL: https://api.telegram.org/bot5455284186:AAGsw5qntGvxFmwYCQGnvPCo-rBKtR-qfLY/getUpdates?timeout=None&offset=435694496
2022-07-11 18:57:32,761 - weather-telegram - INFO - Getting updates
2022-07-11 18:57:32,761 - weather-telegram - DEBUG - URL: https://api.telegram.org/bot5455284186:AAGsw5qntGvxFmwYCQGnvPCo-rBKtR-qfLY/getUpdates?timeout=None&offset=435694496
2022-07-11 18:57:34,093 - weather-telegram - INFO - Getting updates
2022-07-11 18:57:34,093 - weather-telegram - DEBUG - URL: https://api.telegram.org/bot5455284186:AAGsw5qntGvxFmwYCQGnvPCo-rBKtR-qfLY/getUpdates?timeout=None&offset=435694496
2022-07-11 18:57:38,437 - weather-telegram - INFO - Getting updates
2022-07-11 18:57:38,437 - weather-telegram - DEBUG - URL: https://api.telegram.org/bot5455284186:AAGsw5qntGvxFmwYCQGnvPCo-rBKtR-qfLY/getUpdates?timeout=None&offset=435694496
2022-07-11 18:57:39,982 - weather-telegram - INFO - Getting updates
2022-07-11 18:57:39,982 - weather-telegram - DEBUG - URL: https://api.telegram.org/bot5455284186:AAGsw5qntGvxFmwYCQGnvPCo-rBKtR-qfLY/getUpdates?timeout=None&offset=435694496
2022-07-11 18:57:44,368 - weather-telegram - INFO - Getting updates
2022-07-11 18:57:44,368 - weather-telegram - DEBUG - URL: https://api.telegram.org/bot5455284186:AAGsw5qntGvxFmwYCQGnvPCo-rBKtR-qfLY/getUpdates?timeout=None&offset=435694496
2022-07-11 18:57:45,698 - weather-telegram - INFO - Getting updates
2022-07-11 18:57:45,698 - weather-telegram - DEBUG - URL: https://api.telegram.org/bot5455284186:AAGsw5qntGvxFmwYCQGnvPCo-rBKtR-qfLY/getUpdates?timeout=None&offset=435694496
2022-07-11 18:57:50,058 - weather-telegram - INFO - Getting updates
2022-07-11 18:57:50,058 - weather-telegram - DEBUG - URL: https://api.telegram.org/bot5455284186:AAGsw5qntGvxFmwYCQGnvPCo-rBKtR-qfLY/getUpdates?timeout=None&offset=435694496
2022-07-11 18:57:53,064 - weather-telegram - INFO - Getting updates
2022-07-11 18:57:53,064 - weather-telegram - DEBUG - URL: https://api.telegram.org/bot5455284186:AAGsw5qntGvxFmwYCQGnvPCo-rBKtR-qfLY/getUpdates?timeout=None&offset=435694496
2022-07-11 18:57:57,426 - weather-telegram - INFO - Getting updates
2022-07-11 18:57:57,426 - weather-telegram - DEBUG - URL: https://api.telegram.org/bot5455284186:AAGsw5qntGvxFmwYCQGnvPCo-rBKtR-qfLY/getUpdates?timeout=None&offset=435694496
2022-07-11 18:57:58,764 - weather-telegram - INFO - Getting updates
2022-07-11 18:57:58,764 - weather-telegram - DEBUG - URL: https://api.telegram.org/bot5455284186:AAGsw5qntGvxFmwYCQGnvPCo-rBKtR-qfLY/getUpdates?timeout=None&offset=435694496
2022-07-11 18:58:03,467 - weather-telegram - INFO - Getting updates
2022-07-11 18:58:03,467 - weather-telegram - DEBUG - URL: https://api.telegram.org/bot5455284186:AAGsw5qntGvxFmwYCQGnvPCo-rBKtR-qfLY/getUpdates?timeout=None&offset=435694496
2022-07-11 18:58:06,312 - weather-telegram - INFO - Getting updates
2022-07-11 18:58:06,312 - weather-telegram - DEBUG - URL: https://api.telegram.org/bot5455284186:AAGsw5qntGvxFmwYCQGnvPCo-rBKtR-qfLY/getUpdates?timeout=None&offset=435694496
2022-07-11 18:58:09,137 - weather-telegram - INFO - Getting updates
2022-07-11 18:58:09,137 - weather-telegram - DEBUG - URL: https://api.telegram.org/bot5455284186:AAGsw5qntGvxFmwYCQGnvPCo-rBKtR-qfLY/getUpdates?timeout=None&offset=435694496
2022-07-11 18:58:15,140 - weather-telegram - INFO - Getting updates
2022-07-11 18:58:15,140 - weather-telegram - DEBUG - URL: https://api.telegram.org/bot5455284186:AAGsw5qntGvxFmwYCQGnvPCo-rBKtR-qfLY/getUpdates?timeout=None&offset=435694496
2022-07-11 18:58:18,795 - weather-telegram - INFO - Getting updates
2022-07-11 18:58:18,795 - weather-telegram - DEBUG - URL: https://api.telegram.org/bot5455284186:AAGsw5qntGvxFmwYCQGnvPCo-rBKtR-qfLY/getUpdates?timeout=None&offset=435694496
2022-07-11 18:58:24,431 - weather-telegram - INFO - Getting updates
2022-07-11 18:58:24,431 - weather-telegram - DEBUG - URL: https://api.telegram.org/bot5455284186:AAGsw5qntGvxFmwYCQGnvPCo-rBKtR-qfLY/getUpdates?timeout=None&offset=435694496
2022-07-11 18:58:44,617 - weather-telegram - INFO - Getting updates
2022-07-11 18:58:44,617 - weather-telegram - DEBUG - URL: https://api.telegram.org/bot5455284186:AAGsw5qntGvxFmwYCQGnvPCo-rBKtR-qfLY/getUpdates?timeout=None&offset=435694496
2022-07-11 18:58:57,096 - weather-telegram - INFO - Getting updates
2022-07-11 18:58:57,096 - weather-telegram - DEBUG - URL: https://api.telegram.org/bot5455284186:AAGsw5qntGvxFmwYCQGnvPCo-rBKtR-qfLY/getUpdates?timeout=None&offset=435694496
2022-07-11 18:59:09,635 - weather-telegram - INFO - Getting updates
2022-07-11 18:59:09,635 - weather-telegram - DEBUG - URL: https://api.telegram.org/bot5455284186:AAGsw5qntGvxFmwYCQGnvPCo-rBKtR-qfLY/getUpdates?timeout=None&offset=435694496
2022-07-11 18:59:29,949 - weather-telegram - INFO - Getting updates
2022-07-11 18:59:29,949 - weather-telegram - DEBUG - URL: https://api.telegram.org/bot5455284186:AAGsw5qntGvxFmwYCQGnvPCo-rBKtR-qfLY/getUpdates?timeout=None&offset=435694496
2022-07-11 18:59:40,811 - weather-telegram - INFO - Getting updates
2022-07-11 18:59:40,811 - weather-telegram - DEBUG - URL: https://api.telegram.org/bot5455284186:AAGsw5qntGvxFmwYCQGnvPCo-rBKtR-qfLY/getUpdates?timeout=None&offset=435694496
